<?xml version="1.0" encoding="UTF-8"?>
<testsuite xmlns:xsi="http://www.w3.org/2001/XMLSchema-instance" xsi:noNamespaceSchemaLocation="https://maven.apache.org/surefire/maven-surefire-plugin/xsd/surefire-test-report.xsd" version="3.0.2" name="Validating Place API&apos;s" time="13.217" tests="2" errors="0" skipped="0" failures="0">
  <properties>
[...]
</properties>
  <testcase name="Verify if Place is being Successfully added using AddPlaceAPI" classname="Validating Place API&apos;s" time="9.31">
    <system-out><![CDATA[
@AddPlace @Regression
Scenario Outline: Verify if Place is being Successfully added using AddPlaceAPI          &amp#27;[90m# src/test/java/features/placeValidations.feature:16&amp#27;[0m
10:22:22,419 |-INFO in ch.qos.logback.classic.LoggerContext[default] - This is logback-classic version 1.5.17
10:22:22,419 |-INFO in ch.qos.logback.classic.LoggerContext[default] - This is logback-core version 1.5.7
10:22:22,419 |-WARN in ch.qos.logback.classic.LoggerContext[default] - Versions of logback-core and logback-classic are different!
10:22:22,423 |-INFO in ch.qos.logback.classic.util.ContextInitializer@702b656a - No custom configurators were discovered as a service.
10:22:22,423 |-INFO in ch.qos.logback.classic.util.ContextInitializer@702b656a - Trying to configure with ch.qos.logback.classic.joran.SerializedModelConfigurator
10:22:22,426 |-INFO in ch.qos.logback.classic.util.ContextInitializer@702b656a - Constructed configurator of type class ch.qos.logback.classic.joran.SerializedModelConfigurator
10:22:22,432 |-INFO in ch.qos.logback.classic.LoggerContext[default] - Could NOT find resource [logback-test.scmo]
10:22:22,433 |-INFO in ch.qos.logback.classic.LoggerContext[default] - Could NOT find resource [logback.scmo]
10:22:22,452 |-INFO in ch.qos.logback.classic.util.ContextInitializer@702b656a - ch.qos.logback.classic.joran.SerializedModelConfigurator.configure() call lasted 9 milliseconds. ExecutionStatus=INVOKE_NEXT_IF_ANY
10:22:22,452 |-INFO in ch.qos.logback.classic.util.ContextInitializer@702b656a - Trying to configure with ch.qos.logback.classic.util.DefaultJoranConfigurator
10:22:22,455 |-INFO in ch.qos.logback.classic.util.ContextInitializer@702b656a - Constructed configurator of type class ch.qos.logback.classic.util.DefaultJoranConfigurator
10:22:22,456 |-INFO in ch.qos.logback.classic.LoggerContext[default] - Could NOT find resource [logback-test.xml]
10:22:22,456 |-INFO in ch.qos.logback.classic.LoggerContext[default] - Could NOT find resource [logback.xml]
10:22:22,456 |-INFO in ch.qos.logback.classic.util.ContextInitializer@702b656a - ch.qos.logback.classic.util.DefaultJoranConfigurator.configure() call lasted 1 milliseconds. ExecutionStatus=INVOKE_NEXT_IF_ANY
10:22:22,456 |-INFO in ch.qos.logback.classic.util.ContextInitializer@702b656a - Trying to configure with ch.qos.logback.classic.BasicConfigurator
10:22:22,460 |-INFO in ch.qos.logback.classic.util.ContextInitializer@702b656a - Constructed configurator of type class ch.qos.logback.classic.BasicConfigurator
10:22:22,460 |-INFO in ch.qos.logback.classic.BasicConfigurator@528f5b7f - Setting up default configuration.
10:22:22,502 |-INFO in ch.qos.logback.classic.util.ContextInitializer@702b656a - ch.qos.logback.classic.BasicConfigurator.configure() call lasted 42 milliseconds. ExecutionStatus=NEUTRAL

  &amp#27;[32mGiven &amp#27;[0m&amp#27;[32mAdd Place Payload with &amp#27;[0m&amp#27;[32m&amp#27;[1m"Frontline house"&amp#27;[0m&amp#27;[32m &amp#27;[0m&amp#27;[32m&amp#27;[1m"French-IN"&amp#27;[0m&amp#27;[32m &amp#27;[0m&amp#27;[32m&amp#27;[1m"29, side layout, cohen 09"&amp#27;[0m &amp#27;[90m# stepDefinitions.StepDefinition.add_place_payload_with(java.lang.String,java.lang.String,java.lang.String)&amp#27;[0m
Enum_APIResources: maps/api/place/add/json
10:22:26.015 [main] DEBUG org.apache.http.impl.conn.BasicClientConnectionManager -- Get connection for route {s}->https://rahulshettyacademy.com:443
10:22:26.331 [main] DEBUG org.apache.http.impl.conn.DefaultClientConnectionOperator -- Connecting to rahulshettyacademy.com:443
10:22:26.817 [main] DEBUG org.apache.http.client.protocol.RequestAddCookies -- CookieSpec selected: ignoreCookies
10:22:26.819 [main] DEBUG org.apache.http.client.protocol.RequestAuthCache -- Auth cache not set in the context
10:22:26.819 [main] DEBUG org.apache.http.client.protocol.RequestTargetAuthentication -- Target auth state: UNCHALLENGED
10:22:26.820 [main] DEBUG org.apache.http.client.protocol.RequestProxyAuthentication -- Proxy auth state: UNCHALLENGED
10:22:26.821 [main] DEBUG org.apache.http.impl.client.DefaultHttpClient -- Attempt 1 to execute request
10:22:26.821 [main] DEBUG org.apache.http.impl.conn.DefaultClientConnection -- Sending request: POST /maps/api/place/add/json?key=qaclick123 HTTP/1.1
10:22:26.821 [main] DEBUG org.apache.http.wire --  >> "POST /maps/api/place/add/json?key=qaclick123 HTTP/1.1[\r][\n]"
10:22:26.822 [main] DEBUG org.apache.http.wire --  >> "Accept: */*[\r][\n]"
10:22:26.822 [main] DEBUG org.apache.http.wire --  >> "Content-Type: application/json[\r][\n]"
10:22:26.822 [main] DEBUG org.apache.http.wire --  >> "Content-Length: 242[\r][\n]"
10:22:26.823 [main] DEBUG org.apache.http.wire --  >> "Host: rahulshettyacademy.com[\r][\n]"
10:22:26.823 [main] DEBUG org.apache.http.wire --  >> "Connection: Keep-Alive[\r][\n]"
10:22:26.823 [main] DEBUG org.apache.http.wire --  >> "User-Agent: Apache-HttpClient/4.5.13 (Java/21.0.3)[\r][\n]"
10:22:26.823 [main] DEBUG org.apache.http.wire --  >> "Accept-Encoding: gzip,deflate[\r][\n]"
10:22:26.823 [main] DEBUG org.apache.http.wire --  >> "[\r][\n]"
10:22:26.823 [main] DEBUG org.apache.http.headers -- >> POST /maps/api/place/add/json?key=qaclick123 HTTP/1.1
10:22:26.823 [main] DEBUG org.apache.http.headers -- >> Accept: */*
10:22:26.823 [main] DEBUG org.apache.http.headers -- >> Content-Type: application/json
10:22:26.823 [main] DEBUG org.apache.http.headers -- >> Content-Length: 242
10:22:26.823 [main] DEBUG org.apache.http.headers -- >> Host: rahulshettyacademy.com
10:22:26.824 [main] DEBUG org.apache.http.headers -- >> Connection: Keep-Alive
10:22:26.824 [main] DEBUG org.apache.http.headers -- >> User-Agent: Apache-HttpClient/4.5.13 (Java/21.0.3)
10:22:26.824 [main] DEBUG org.apache.http.headers -- >> Accept-Encoding: gzip,deflate
10:22:26.824 [main] DEBUG org.apache.http.wire --  >> "{"accuracy":50,"location":{"lat":-38.383494,"lng":33.427362},"name":"Frontline house","phone_number":"(+91) 983 893 3937","address":"29, side layout, cohen 09","types":["shoe park","shop"],"website":"http://google.com","language":"French-IN"}"
10:22:26.838 [main] DEBUG org.apache.http.wire --  << "HTTP/1.1 200 OK[\r][\n]"
10:22:26.840 [main] DEBUG org.apache.http.wire --  << "Date: Fri, 14 Mar 2025 04:52:27 GMT[\r][\n]"
10:22:26.840 [main] DEBUG org.apache.http.wire --  << "Server: Apache/2.4.52 (Ubuntu)[\r][\n]"
10:22:26.841 [main] DEBUG org.apache.http.wire --  << "Access-Control-Allow-Origin: *[\r][\n]"
10:22:26.841 [main] DEBUG org.apache.http.wire --  << "Access-Control-Allow-Methods: POST[\r][\n]"
10:22:26.841 [main] DEBUG org.apache.http.wire --  << "Access-Control-Max-Age: 3600[\r][\n]"
10:22:26.841 [main] DEBUG org.apache.http.wire --  << "Access-Control-Allow-Headers: Content-Type, Access-Control-Allow-Headers, Authorization, X-Requested-With[\r][\n]"
10:22:26.841 [main] DEBUG org.apache.http.wire --  << "Content-Length: 194[\r][\n]"
10:22:26.842 [main] DEBUG org.apache.http.wire --  << "Keep-Alive: timeout=5, max=100[\r][\n]"
10:22:26.842 [main] DEBUG org.apache.http.wire --  << "Connection: Keep-Alive[\r][\n]"
10:22:26.842 [main] DEBUG org.apache.http.wire --  << "Content-Type: application/json;charset=UTF-8[\r][\n]"
10:22:26.842 [main] DEBUG org.apache.http.wire --  << "[\r][\n]"
10:22:26.843 [main] DEBUG org.apache.http.impl.conn.DefaultClientConnection -- Receiving response: HTTP/1.1 200 OK
10:22:26.843 [main] DEBUG org.apache.http.headers -- << HTTP/1.1 200 OK
10:22:26.843 [main] DEBUG org.apache.http.headers -- << Date: Fri, 14 Mar 2025 04:52:27 GMT
10:22:26.844 [main] DEBUG org.apache.http.headers -- << Server: Apache/2.4.52 (Ubuntu)
10:22:26.844 [main] DEBUG org.apache.http.headers -- << Access-Control-Allow-Origin: *
10:22:26.844 [main] DEBUG org.apache.http.headers -- << Access-Control-Allow-Methods: POST
10:22:26.844 [main] DEBUG org.apache.http.headers -- << Access-Control-Max-Age: 3600
10:22:26.844 [main] DEBUG org.apache.http.headers -- << Access-Control-Allow-Headers: Content-Type, Access-Control-Allow-Headers, Authorization, X-Requested-With
10:22:26.844 [main] DEBUG org.apache.http.headers -- << Content-Length: 194
10:22:26.844 [main] DEBUG org.apache.http.headers -- << Keep-Alive: timeout=5, max=100
10:22:26.844 [main] DEBUG org.apache.http.headers -- << Connection: Keep-Alive
10:22:26.844 [main] DEBUG org.apache.http.headers -- << Content-Type: application/json;charset=UTF-8
10:22:26.850 [main] DEBUG org.apache.http.impl.client.DefaultHttpClient -- Connection can be kept alive for 5000 MILLISECONDS
10:22:26.861 [main] DEBUG io.restassured.internal.RestAssuredHttpBuilder -- Parsing response as: application/json;charset=UTF-8
10:22:26.861 [main] DEBUG io.restassured.internal.RestAssuredHttpBuilder -- Parsed data to instance of: class org.apache.http.conn.EofSensorInputStream
10:22:26.954 [main] DEBUG org.apache.http.wire --  << "{"status":"OK","place_id":"bf845537fc69d656b71d43374e7ac0e5","scope":"APP","reference":"5dd82796e3b7d19264f23454628dde1f5dd82796e3b7d19264f23454628dde1f","id":"5dd82796e3b7d19264f23454628dde1f"}"
10:22:26.955 [main] DEBUG org.apache.http.impl.conn.BasicClientConnectionManager -- Releasing connection org.apache.http.impl.conn.ManagedClientConnectionImpl@59acb725
10:22:26.955 [main] DEBUG org.apache.http.impl.conn.BasicClientConnectionManager -- Connection can be kept alive for 5000 MILLISECONDS
  &amp#27;[32mWhen &amp#27;[0m&amp#27;[32muser calls &amp#27;[0m&amp#27;[32m&amp#27;[1m"AddPlaceAPI"&amp#27;[0m&amp#27;[32m with &amp#27;[0m&amp#27;[32m&amp#27;[1m"Post"&amp#27;[0m&amp#27;[32m http request&amp#27;[0m                                 &amp#27;[90m# stepDefinitions.StepDefinition.user_calls_with_http_request(java.lang.String,java.lang.String)&amp#27;[0m
  &amp#27;[32mThen &amp#27;[0m&amp#27;[32mthe API call got success with status code &amp#27;[0m&amp#27;[32m&amp#27;[1m200&amp#27;[0m                                     &amp#27;[90m# stepDefinitions.StepDefinition.the_api_call_got_success_with_status_code(java.lang.Integer)&amp#27;[0m
  &amp#27;[32mAnd &amp#27;[0m&amp#27;[32m&amp#27;[0m&amp#27;[32m&amp#27;[1m"status"&amp#27;[0m&amp#27;[32m in response body is &amp#27;[0m&amp#27;[32m&amp#27;[1m"OK"&amp#27;[0m                                                  &amp#27;[90m# stepDefinitions.StepDefinition.in_response_body_is(java.lang.String,java.lang.String)&amp#27;[0m
  &amp#27;[32mAnd &amp#27;[0m&amp#27;[32m&amp#27;[0m&amp#27;[32m&amp#27;[1m"scope"&amp#27;[0m&amp#27;[32m in response body is &amp#27;[0m&amp#27;[32m&amp#27;[1m"APP"&amp#27;[0m                                                  &amp#27;[90m# stepDefinitions.StepDefinition.in_response_body_is(java.lang.String,java.lang.String)&amp#27;[0m
Enum_APIResources: maps/api/place/get/json
10:22:28.328 [main] DEBUG org.apache.http.impl.conn.BasicClientConnectionManager -- Get connection for route {s}->https://rahulshettyacademy.com:443
10:22:28.328 [main] DEBUG org.apache.http.impl.conn.DefaultClientConnectionOperator -- Connecting to rahulshettyacademy.com:443
10:22:28.353 [main] DEBUG org.apache.http.client.protocol.RequestAddCookies -- CookieSpec selected: ignoreCookies
10:22:28.353 [main] DEBUG org.apache.http.client.protocol.RequestAuthCache -- Auth cache not set in the context
10:22:28.353 [main] DEBUG org.apache.http.client.protocol.RequestTargetAuthentication -- Target auth state: UNCHALLENGED
10:22:28.353 [main] DEBUG org.apache.http.client.protocol.RequestProxyAuthentication -- Proxy auth state: UNCHALLENGED
10:22:28.353 [main] DEBUG org.apache.http.impl.client.DefaultHttpClient -- Attempt 1 to execute request
10:22:28.353 [main] DEBUG org.apache.http.impl.conn.DefaultClientConnection -- Sending request: GET /maps/api/place/get/json?key=qaclick123&place_id=bf845537fc69d656b71d43374e7ac0e5 HTTP/1.1
10:22:28.353 [main] DEBUG org.apache.http.wire --  >> "GET /maps/api/place/get/json?key=qaclick123&place_id=bf845537fc69d656b71d43374e7ac0e5 HTTP/1.1[\r][\n]"
10:22:28.354 [main] DEBUG org.apache.http.wire --  >> "Content-Type: application/json[\r][\n]"
10:22:28.354 [main] DEBUG org.apache.http.wire --  >> "Accept: */*[\r][\n]"
10:22:28.354 [main] DEBUG org.apache.http.wire --  >> "Host: rahulshettyacademy.com[\r][\n]"
10:22:28.354 [main] DEBUG org.apache.http.wire --  >> "Connection: Keep-Alive[\r][\n]"
10:22:28.354 [main] DEBUG org.apache.http.wire --  >> "User-Agent: Apache-HttpClient/4.5.13 (Java/21.0.3)[\r][\n]"
10:22:28.354 [main] DEBUG org.apache.http.wire --  >> "Accept-Encoding: gzip,deflate[\r][\n]"
10:22:28.354 [main] DEBUG org.apache.http.wire --  >> "[\r][\n]"
10:22:28.354 [main] DEBUG org.apache.http.headers -- >> GET /maps/api/place/get/json?key=qaclick123&place_id=bf845537fc69d656b71d43374e7ac0e5 HTTP/1.1
10:22:28.354 [main] DEBUG org.apache.http.headers -- >> Content-Type: application/json
10:22:28.354 [main] DEBUG org.apache.http.headers -- >> Accept: */*
10:22:28.354 [main] DEBUG org.apache.http.headers -- >> Host: rahulshettyacademy.com
10:22:28.354 [main] DEBUG org.apache.http.headers -- >> Connection: Keep-Alive
10:22:28.354 [main] DEBUG org.apache.http.headers -- >> User-Agent: Apache-HttpClient/4.5.13 (Java/21.0.3)
10:22:28.355 [main] DEBUG org.apache.http.headers -- >> Accept-Encoding: gzip,deflate
10:22:30.181 [main] DEBUG org.apache.http.wire --  << "HTTP/1.1 200 OK[\r][\n]"
10:22:30.182 [main] DEBUG org.apache.http.wire --  << "Date: Fri, 14 Mar 2025 04:52:28 GMT[\r][\n]"
10:22:30.182 [main] DEBUG org.apache.http.wire --  << "Server: Apache/2.4.52 (Ubuntu)[\r][\n]"
10:22:30.182 [main] DEBUG org.apache.http.wire --  << "Access-Control-Allow-Origin: *[\r][\n]"
10:22:30.183 [main] DEBUG org.apache.http.wire --  << "Access-Control-Allow-Methods: POST[\r][\n]"
10:22:30.183 [main] DEBUG org.apache.http.wire --  << "Access-Control-Max-Age: 3600[\r][\n]"
10:22:30.183 [main] DEBUG org.apache.http.wire --  << "Access-Control-Allow-Headers: Content-Type, Access-Control-Allow-Headers, Authorization, X-Requested-With[\r][\n]"
10:22:30.184 [main] DEBUG org.apache.http.wire --  << "Content-Length: 257[\r][\n]"
10:22:30.184 [main] DEBUG org.apache.http.wire --  << "Keep-Alive: timeout=5, max=100[\r][\n]"
10:22:30.184 [main] DEBUG org.apache.http.wire --  << "Connection: Keep-Alive[\r][\n]"
10:22:30.184 [main] DEBUG org.apache.http.wire --  << "Content-Type: application/json;charset=UTF-8[\r][\n]"
10:22:30.185 [main] DEBUG org.apache.http.wire --  << "[\r][\n]"
10:22:30.185 [main] DEBUG org.apache.http.impl.conn.DefaultClientConnection -- Receiving response: HTTP/1.1 200 OK
10:22:30.185 [main] DEBUG org.apache.http.headers -- << HTTP/1.1 200 OK
10:22:30.186 [main] DEBUG org.apache.http.headers -- << Date: Fri, 14 Mar 2025 04:52:28 GMT
10:22:30.186 [main] DEBUG org.apache.http.headers -- << Server: Apache/2.4.52 (Ubuntu)
10:22:30.186 [main] DEBUG org.apache.http.headers -- << Access-Control-Allow-Origin: *
10:22:30.186 [main] DEBUG org.apache.http.headers -- << Access-Control-Allow-Methods: POST
10:22:30.187 [main] DEBUG org.apache.http.headers -- << Access-Control-Max-Age: 3600
10:22:30.187 [main] DEBUG org.apache.http.headers -- << Access-Control-Allow-Headers: Content-Type, Access-Control-Allow-Headers, Authorization, X-Requested-With
10:22:30.188 [main] DEBUG org.apache.http.headers -- << Content-Length: 257
10:22:30.188 [main] DEBUG org.apache.http.headers -- << Keep-Alive: timeout=5, max=100
10:22:30.189 [main] DEBUG org.apache.http.headers -- << Connection: Keep-Alive
10:22:30.189 [main] DEBUG org.apache.http.headers -- << Content-Type: application/json;charset=UTF-8
10:22:30.190 [main] DEBUG org.apache.http.impl.client.DefaultHttpClient -- Connection can be kept alive for 5000 MILLISECONDS
10:22:30.192 [main] DEBUG io.restassured.internal.RestAssuredHttpBuilder -- Parsing response as: application/json;charset=UTF-8
10:22:30.193 [main] DEBUG io.restassured.internal.RestAssuredHttpBuilder -- Parsed data to instance of: class org.apache.http.conn.EofSensorInputStream
10:22:30.197 [main] DEBUG org.apache.http.wire --  << "{"location":{"latitude":"-38.383494","longitude":"33.427362"},"accuracy":"50","name":"Frontline house","phone_number":"(+91) 983 893 3937","address":"29, side layout, cohen 09","types":"shoe park,shop","website":"http:\/\/google.com","language":"French-IN"}"
10:22:30.198 [main] DEBUG org.apache.http.impl.conn.BasicClientConnectionManager -- Releasing connection org.apache.http.impl.conn.ManagedClientConnectionImpl@4f141a7
10:22:30.198 [main] DEBUG org.apache.http.impl.conn.BasicClientConnectionManager -- Connection can be kept alive for 5000 MILLISECONDS
  &amp#27;[32mAnd &amp#27;[0m&amp#27;[32mverify place_Id created maps to &amp#27;[0m&amp#27;[32m&amp#27;[1m"Frontline house"&amp#27;[0m&amp#27;[32m using &amp#27;[0m&amp#27;[32m&amp#27;[1m"getPlaceAPI"&amp#27;[0m              &amp#27;[90m# stepDefinitions.StepDefinition.verify_place_id_created_maps_to_using_get_place_api(java.lang.String,java.lang.String)&amp#27;[0m
]]></system-out>
  </testcase>
  <testcase name="Verify if Delete Place functionality is working" classname="Validating Place API&apos;s" time="2.026">
    <system-out><![CDATA[
@DeletePlace @Regression
Scenario: Verify if Delete Place functionality is working   &amp#27;[90m# src/test/java/features/placeValidations.feature:21&amp#27;[0m
  &amp#27;[32mGiven &amp#27;[0m&amp#27;[32mDeletePlace Payload&amp#27;[0m                                 &amp#27;[90m# stepDefinitions.StepDefinition.delete_place_payload()&amp#27;[0m
Enum_APIResources: maps/api/place/delete/json
10:22:30.401 [main] DEBUG org.apache.http.impl.conn.BasicClientConnectionManager -- Get connection for route {s}->https://rahulshettyacademy.com:443
10:22:30.401 [main] DEBUG org.apache.http.impl.conn.DefaultClientConnectionOperator -- Connecting to rahulshettyacademy.com:443
10:22:30.445 [main] DEBUG org.apache.http.client.protocol.RequestAddCookies -- CookieSpec selected: ignoreCookies
10:22:30.445 [main] DEBUG org.apache.http.client.protocol.RequestAuthCache -- Auth cache not set in the context
10:22:30.447 [main] DEBUG org.apache.http.client.protocol.RequestTargetAuthentication -- Target auth state: UNCHALLENGED
10:22:30.447 [main] DEBUG org.apache.http.client.protocol.RequestProxyAuthentication -- Proxy auth state: UNCHALLENGED
10:22:30.447 [main] DEBUG org.apache.http.impl.client.DefaultHttpClient -- Attempt 1 to execute request
10:22:30.447 [main] DEBUG org.apache.http.impl.conn.DefaultClientConnection -- Sending request: POST /maps/api/place/delete/json?key=qaclick123 HTTP/1.1
10:22:30.447 [main] DEBUG org.apache.http.wire --  >> "POST /maps/api/place/delete/json?key=qaclick123 HTTP/1.1[\r][\n]"
10:22:30.447 [main] DEBUG org.apache.http.wire --  >> "Accept: */*[\r][\n]"
10:22:30.447 [main] DEBUG org.apache.http.wire --  >> "Content-Type: application/json[\r][\n]"
10:22:30.447 [main] DEBUG org.apache.http.wire --  >> "Content-Length: 56[\r][\n]"
10:22:30.447 [main] DEBUG org.apache.http.wire --  >> "Host: rahulshettyacademy.com[\r][\n]"
10:22:30.447 [main] DEBUG org.apache.http.wire --  >> "Connection: Keep-Alive[\r][\n]"
10:22:30.447 [main] DEBUG org.apache.http.wire --  >> "User-Agent: Apache-HttpClient/4.5.13 (Java/21.0.3)[\r][\n]"
10:22:30.448 [main] DEBUG org.apache.http.wire --  >> "Accept-Encoding: gzip,deflate[\r][\n]"
10:22:30.448 [main] DEBUG org.apache.http.wire --  >> "[\r][\n]"
10:22:30.448 [main] DEBUG org.apache.http.headers -- >> POST /maps/api/place/delete/json?key=qaclick123 HTTP/1.1
10:22:30.448 [main] DEBUG org.apache.http.headers -- >> Accept: */*
10:22:30.448 [main] DEBUG org.apache.http.headers -- >> Content-Type: application/json
10:22:30.448 [main] DEBUG org.apache.http.headers -- >> Content-Length: 56
10:22:30.448 [main] DEBUG org.apache.http.headers -- >> Host: rahulshettyacademy.com
10:22:30.449 [main] DEBUG org.apache.http.headers -- >> Connection: Keep-Alive
10:22:30.449 [main] DEBUG org.apache.http.headers -- >> User-Agent: Apache-HttpClient/4.5.13 (Java/21.0.3)
10:22:30.449 [main] DEBUG org.apache.http.headers -- >> Accept-Encoding: gzip,deflate
10:22:30.449 [main] DEBUG org.apache.http.wire --  >> "{[\r][\n]"
10:22:30.449 [main] DEBUG org.apache.http.wire --  >> "     "place_id":"bf845537fc69d656b71d43374e7ac0e5"[\r][\n]"
10:22:30.449 [main] DEBUG org.apache.http.wire --  >> "}"
10:22:32.245 [main] DEBUG org.apache.http.wire --  << "HTTP/1.1 200 OK[\r][\n]"
10:22:32.246 [main] DEBUG org.apache.http.wire --  << "Date: Fri, 14 Mar 2025 04:52:31 GMT[\r][\n]"
10:22:32.246 [main] DEBUG org.apache.http.wire --  << "Server: Apache/2.4.52 (Ubuntu)[\r][\n]"
10:22:32.246 [main] DEBUG org.apache.http.wire --  << "Access-Control-Allow-Origin: *[\r][\n]"
10:22:32.247 [main] DEBUG org.apache.http.wire --  << "Access-Control-Allow-Methods: POST[\r][\n]"
10:22:32.247 [main] DEBUG org.apache.http.wire --  << "Access-Control-Max-Age: 3600[\r][\n]"
10:22:32.247 [main] DEBUG org.apache.http.wire --  << "Access-Control-Allow-Headers: Content-Type, Access-Control-Allow-Headers, Authorization, X-Requested-With[\r][\n]"
10:22:32.247 [main] DEBUG org.apache.http.wire --  << "Content-Length: 15[\r][\n]"
10:22:32.248 [main] DEBUG org.apache.http.wire --  << "Keep-Alive: timeout=5, max=100[\r][\n]"
10:22:32.248 [main] DEBUG org.apache.http.wire --  << "Connection: Keep-Alive[\r][\n]"
10:22:32.248 [main] DEBUG org.apache.http.wire --  << "Content-Type: application/json;charset=UTF-8[\r][\n]"
10:22:32.249 [main] DEBUG org.apache.http.wire --  << "[\r][\n]"
10:22:32.249 [main] DEBUG org.apache.http.impl.conn.DefaultClientConnection -- Receiving response: HTTP/1.1 200 OK
10:22:32.249 [main] DEBUG org.apache.http.headers -- << HTTP/1.1 200 OK
10:22:32.249 [main] DEBUG org.apache.http.headers -- << Date: Fri, 14 Mar 2025 04:52:31 GMT
10:22:32.250 [main] DEBUG org.apache.http.headers -- << Server: Apache/2.4.52 (Ubuntu)
10:22:32.250 [main] DEBUG org.apache.http.headers -- << Access-Control-Allow-Origin: *
10:22:32.250 [main] DEBUG org.apache.http.headers -- << Access-Control-Allow-Methods: POST
10:22:32.250 [main] DEBUG org.apache.http.headers -- << Access-Control-Max-Age: 3600
10:22:32.251 [main] DEBUG org.apache.http.headers -- << Access-Control-Allow-Headers: Content-Type, Access-Control-Allow-Headers, Authorization, X-Requested-With
10:22:32.251 [main] DEBUG org.apache.http.headers -- << Content-Length: 15
10:22:32.251 [main] DEBUG org.apache.http.headers -- << Keep-Alive: timeout=5, max=100
10:22:32.251 [main] DEBUG org.apache.http.headers -- << Connection: Keep-Alive
10:22:32.251 [main] DEBUG org.apache.http.headers -- << Content-Type: application/json;charset=UTF-8
10:22:32.253 [main] DEBUG org.apache.http.impl.client.DefaultHttpClient -- Connection can be kept alive for 5000 MILLISECONDS
10:22:32.253 [main] DEBUG io.restassured.internal.RestAssuredHttpBuilder -- Parsing response as: application/json;charset=UTF-8
10:22:32.253 [main] DEBUG io.restassured.internal.RestAssuredHttpBuilder -- Parsed data to instance of: class org.apache.http.conn.EofSensorInputStream
10:22:32.256 [main] DEBUG org.apache.http.wire --  << "{"status":"OK"}"
10:22:32.257 [main] DEBUG org.apache.http.impl.conn.BasicClientConnectionManager -- Releasing connection org.apache.http.impl.conn.ManagedClientConnectionImpl@3453014b
10:22:32.257 [main] DEBUG org.apache.http.impl.conn.BasicClientConnectionManager -- Connection can be kept alive for 5000 MILLISECONDS
  &amp#27;[32mWhen &amp#27;[0m&amp#27;[32muser calls &amp#27;[0m&amp#27;[32m&amp#27;[1m"deletePlaceAPI"&amp#27;[0m&amp#27;[32m with &amp#27;[0m&amp#27;[32m&amp#27;[1m"Post"&amp#27;[0m&amp#27;[32m http request&amp#27;[0m &amp#27;[90m# stepDefinitions.StepDefinition.user_calls_with_http_request(java.lang.String,java.lang.String)&amp#27;[0m
  &amp#27;[32mThen &amp#27;[0m&amp#27;[32mthe API call got success with status code &amp#27;[0m&amp#27;[32m&amp#27;[1m200&amp#27;[0m        &amp#27;[90m# stepDefinitions.StepDefinition.the_api_call_got_success_with_status_code(java.lang.Integer)&amp#27;[0m
  &amp#27;[32mAnd &amp#27;[0m&amp#27;[32m&amp#27;[0m&amp#27;[32m&amp#27;[1m"status"&amp#27;[0m&amp#27;[32m in response body is &amp#27;[0m&amp#27;[32m&amp#27;[1m"OK"&amp#27;[0m                     &amp#27;[90m# stepDefinitions.StepDefinition.in_response_body_is(java.lang.String,java.lang.String)&amp#27;[0m
]]></system-out>
  </testcase>
</testsuite>